<beans xmlns="http://www.springframework.org/schema/beans"
	xmlns:xsi="http://www.w3.org/2001/XMLSchema-instance" xmlns:aop="http://www.springframework.org/schema/aop"
	xmlns:tx="http://www.springframework.org/schema/tx"
	xsi:schemaLocation="
     http://www.springframework.org/schema/beans 
     http://www.springframework.org/schema/beans/spring-beans-3.0.xsd
     http://www.springframework.org/schema/tx 
     http://www.springframework.org/schema/tx/spring-tx-3.0.xsd
     http://www.springframework.org/schema/aop 
     http://www.springframework.org/schema/aop/spring-aop-3.0.xsd">
	
	<!-- bean class="org.springframework.beans.factory.config.PropertyPlaceholderConfigurer">
		<property name="locations">
			<list>
				<value>classpath:mandir-test.properties</value>
			</list>
		</property>
	</bean-->
	
	<bean id="hibernateProperties"
		class="org.springframework.beans.factory.config.PropertiesFactoryBean">
		<property name="properties">
			<props>
				<prop key="hibernate.dialect">org.hibernate.dialect.MySQLDialect</prop>
				<prop key="hibernate.show_sql">true</prop>
				<prop key="hibernate.query.substitutions">true 1, false 0</prop>
				<prop key="hibernate.connection.release_mode">after_transaction</prop>
				<prop key="hibernate.cache.provider_class">org.hibernate.cache.EhCacheProvider</prop>
<!--				<prop key="hibernate.cache.provider_class">org.hibernate.cache.SingletonEhCacheProvider</prop>-->
				<prop key="hibernate.cache.use_query_cache">true</prop>
				<prop key="hibernate.cache.use_second_level_cache">true</prop>
				<prop key="hibernate.jdbc.batch_size">0</prop>
				<!-- MINH -->
				<prop key="hibernate.current_session_context_class">thread</prop> 
				<!-- <prop key="hibernate.current_session_context_class">org.hibernate.context.ManagedSessionContext</prop> 
				-->
			</props>
		</property>
	</bean>
	<bean id="jndiMandirDataSource" class="org.apache.commons.dbcp.BasicDataSource" destroy-method="close">
        <property name="driverClassName" value="com.mysql.jdbc.Driver"/>
        <property name="url" value="jdbc:mysql://localhost:3306/saimail"/>
        <property name="username" value="root"/>
        <property name="password" value="admin"/>
    </bean>
	

	<bean id="sessionFactory" class="org.springframework.orm.hibernate3.LocalSessionFactoryBean">

		<property name="hibernateProperties" ref="hibernateProperties" />
		<property name="dataSource" ref="jndiMandirDataSource" />


		<!-- <property name="lobHandler" ref="oracleLobHandler"/> -->

		<!-- <property name="entityInterceptor" ref="common.hibernateEntityInterceptor" 
			/> -->

		<!-- Must references all OR mapping files. -->
		<property name="mappingResources" ref="orMappings" />
	</bean>

	<bean id="transactionManager" class="org.springframework.orm.hibernate3.HibernateTransactionManager">
		<property name="sessionFactory" ref="sessionFactory" />
	</bean>	
		
 	<!-- =========================================================== -->
</beans>